salloc: Granted job allocation 9726262
salloc: Waiting for resource configuration
salloc: Nodes quartz6 are ready for job
Test project /g/g12/han12/.jacamar-ci/builds/9FZn5NyD/000/gitlab/han12/GEOSX/build
        Start   1: blt_gtest_smoke
  1/163 Test   #1: blt_gtest_smoke ......................................   Passed    0.04 sec
        Start   2: blt_openmp_smoke
  2/163 Test   #2: blt_openmp_smoke .....................................   Passed    0.02 sec
        Start   3: blt_mpi_smoke
  3/163 Test   #3: blt_mpi_smoke ........................................   Passed    1.38 sec
        Start   4: testUncrustifyCheck
  4/163 Test   #4: testUncrustifyCheck ..................................   Passed   39.42 sec
        Start   5: testArray1D
  5/163 Test   #5: testArray1D ..........................................   Passed    0.16 sec
        Start   6: testArray1DOfArray1D
  6/163 Test   #6: testArray1DOfArray1D .................................   Passed    0.14 sec
        Start   7: testArray1DOfArray1DOfArray1D
  7/163 Test   #7: testArray1DOfArray1DOfArray1D ........................   Passed    0.16 sec
        Start   8: testArrayOfArrays
  8/163 Test   #8: testArrayOfArrays ....................................   Passed    0.62 sec
        Start   9: testArrayOfSets
  9/163 Test   #9: testArrayOfSets ......................................   Passed    0.40 sec
        Start  10: testArraySlice
 10/163 Test  #10: testArraySlice .......................................   Passed    0.13 sec
        Start  11: testArrayView_copyAssignmentOperator
 11/163 Test  #11: testArrayView_copyAssignmentOperator .................   Passed    0.15 sec
        Start  12: testArrayView_copyConstructor
 12/163 Test  #12: testArrayView_copyConstructor ........................   Passed    0.13 sec
        Start  13: testArrayView_defaultConstructor
 13/163 Test  #13: testArrayView_defaultConstructor .....................   Passed    0.12 sec
        Start  14: testArrayView_emptyMove
 14/163 Test  #14: testArrayView_emptyMove ..............................   Passed    0.12 sec
        Start  15: testArrayView_modifyInKernel
 15/163 Test  #15: testArrayView_modifyInKernel .........................   Passed    0.12 sec
        Start  16: testArrayView_modifyInMultipleKernels
 16/163 Test  #16: testArrayView_modifyInMultipleKernels ................   Passed    0.14 sec
        Start  17: testArrayView_move
 17/163 Test  #17: testArrayView_move ...................................   Passed    0.12 sec
        Start  18: testArrayView_moveMultipleTimes
 18/163 Test  #18: testArrayView_moveMultipleTimes ......................   Passed    0.13 sec
        Start  19: testArrayView_moveNoTouch
 19/163 Test  #19: testArrayView_moveNoTouch ............................   Passed    0.14 sec
        Start  20: testArrayView_readInKernel
 20/163 Test  #20: testArrayView_readInKernel ...........................   Passed    0.15 sec
        Start  21: testArrayView_setValues
 21/163 Test  #21: testArrayView_setValues ..............................   Passed    0.13 sec
        Start  22: testArrayView_setValuesFromView
 22/163 Test  #22: testArrayView_setValuesFromView ......................   Passed    0.14 sec
        Start  23: testArrayView_toSlice
 23/163 Test  #23: testArrayView_toSlice ................................   Passed    0.16 sec
        Start  24: testArrayView_toSliceConst
 24/163 Test  #24: testArrayView_toSliceConst ...........................   Passed    0.13 sec
        Start  25: testArrayView_toView
 25/163 Test  #25: testArrayView_toView .................................   Passed    0.17 sec
        Start  26: testArrayView_toViewConst
 26/163 Test  #26: testArrayView_toViewConst ............................   Passed    0.13 sec
        Start  27: testArrayView_typeConversion
 27/163 Test  #27: testArrayView_typeConversion .........................   Passed    0.12 sec
        Start  28: testArrayView_udcToSlice
 28/163 Test  #28: testArrayView_udcToSlice .............................   Passed    0.16 sec
        Start  29: testArrayView_udcToSliceConst
 29/163 Test  #29: testArrayView_udcToSliceConst ........................   Passed    0.15 sec
        Start  30: testArrayView_udcToViewConst
 30/163 Test  #30: testArrayView_udcToViewConst .........................   Passed    0.15 sec
        Start  31: testArrayView_zero
 31/163 Test  #31: testArrayView_zero ...................................   Passed    0.14 sec
        Start  32: testArray_clear
 32/163 Test  #32: testArray_clear ......................................   Passed    0.14 sec
        Start  33: testArray_copyAssignmentOperator
 33/163 Test  #33: testArray_copyAssignmentOperator .....................   Passed    0.14 sec
        Start  34: testArray_copyConstructor
 34/163 Test  #34: testArray_copyConstructor ............................   Passed    0.14 sec
        Start  35: testArray_defaultConstructor
 35/163 Test  #35: testArray_defaultConstructor .........................   Passed    0.13 sec
        Start  36: testArray_getSetSingleParameterResizeIndex
 36/163 Test  #36: testArray_getSetSingleParameterResizeIndex ...........   Passed    0.15 sec
        Start  37: testArray_indexing
 37/163 Test  #37: testArray_indexing ...................................   Passed    0.17 sec
        Start  38: testArray_moveAssignmentOperator
 38/163 Test  #38: testArray_moveAssignmentOperator .....................   Passed    0.14 sec
        Start  39: testArray_moveConstructor
 39/163 Test  #39: testArray_moveConstructor ............................   Passed    0.14 sec
        Start  40: testArray_reserveAndCapacity
 40/163 Test  #40: testArray_reserveAndCapacity .........................   Passed    0.18 sec
        Start  41: testArray_resize
 41/163 Test  #41: testArray_resize .....................................   Passed    0.32 sec
        Start  42: testArray_resizeDefault
 42/163 Test  #42: testArray_resizeDefault ..............................   Passed    0.32 sec
        Start  43: testArray_resizeDimension
 43/163 Test  #43: testArray_resizeDimension ............................   Passed    0.23 sec
        Start  44: testArray_resizeFromArgs
 44/163 Test  #44: testArray_resizeFromArgs .............................   Passed    0.16 sec
        Start  45: testArray_resizeFromPointer
 45/163 Test  #45: testArray_resizeFromPointer ..........................   Passed    0.16 sec
        Start  46: testArray_resizeWithoutInitializationOrDestruction
 46/163 Test  #46: testArray_resizeWithoutInitializationOrDestruction ...   Passed    0.14 sec
        Start  47: testArray_sizedConstructor
 47/163 Test  #47: testArray_sizedConstructor ...........................   Passed    0.13 sec
        Start  48: testArray_toView
 48/163 Test  #48: testArray_toView .....................................   Passed    0.15 sec
        Start  49: testArray_toViewConst
 49/163 Test  #49: testArray_toViewConst ................................   Passed    0.15 sec
        Start  50: testBuffers
 50/163 Test  #50: testBuffers ..........................................   Passed    0.13 sec
        Start  51: testCRSMatrix
 51/163 Test  #51: testCRSMatrix ........................................   Passed    0.35 sec
        Start  52: testIndexing
 52/163 Test  #52: testIndexing .........................................   Passed    1.34 sec
        Start  53: testInput
 53/163 Test  #53: testInput ............................................   Passed    0.51 sec
        Start  54: testIntegerConversion
 54/163 Test  #54: testIntegerConversion ................................   Passed    0.40 sec
        Start  55: testMath
 55/163 Test  #55: testMath .............................................   Passed    0.13 sec
        Start  56: testMemcpy
 56/163 Test  #56: testMemcpy ...........................................   Passed    0.16 sec
        Start  57: testSliceHelpers
 57/163 Test  #57: testSliceHelpers .....................................   Passed    0.12 sec
        Start  58: testSortedArray
 58/163 Test  #58: testSortedArray ......................................   Passed    0.15 sec
        Start  59: testSortedArrayManipulation
 59/163 Test  #59: testSortedArrayManipulation ..........................   Passed    0.16 sec
        Start  60: testSparsityPattern
 60/163 Test  #60: testSparsityPattern ..................................   Passed    0.41 sec
        Start  61: testStackArray
 61/163 Test  #61: testStackArray .......................................   Passed    0.48 sec
        Start  62: testTensorOpsDeterminant
 62/163 Test  #62: testTensorOpsDeterminant .............................   Passed    0.12 sec
        Start  63: testTensorOpsEigen
 63/163 Test  #63: testTensorOpsEigen ...................................   Passed    0.13 sec
        Start  64: testTensorOpsInverseOneArg
 64/163 Test  #64: testTensorOpsInverseOneArg ...........................   Passed    0.12 sec
        Start  65: testTensorOpsInverseTwoArgs
 65/163 Test  #65: testTensorOpsInverseTwoArgs ..........................   Passed    0.12 sec
        Start  66: testTensorOpsSymDeterminant
 66/163 Test  #66: testTensorOpsSymDeterminant ..........................   Passed    0.12 sec
        Start  67: testTensorOpsSymInverseOneArg
 67/163 Test  #67: testTensorOpsSymInverseOneArg ........................   Passed    0.12 sec
        Start  68: testTensorOpsSymInverseTwoArgs
 68/163 Test  #68: testTensorOpsSymInverseTwoArgs .......................   Passed    0.12 sec
        Start  69: testTypeManipulation
 69/163 Test  #69: testTypeManipulation .................................   Passed    0.18 sec
        Start  70: testStackTrace
 70/163 Test  #70: testStackTrace .......................................   Passed    0.51 sec
        Start  71: testInvalidOperations
 71/163 Test  #71: testInvalidOperations ................................   Passed    0.12 sec
        Start  72: testChaiBuffer
 72/163 Test  #72: testChaiBuffer .......................................   Passed    0.12 sec
        Start  73: testArray_ChaiBuffer
 73/163 Test  #73: testArray_ChaiBuffer .................................   Passed    0.12 sec
        Start  74: testFloatingPointExceptions
 74/163 Test  #74: testFloatingPointExceptions ..........................   Passed    0.12 sec
        Start  75: testTensorOps
 75/163 Test  #75: testTensorOps ........................................   Passed    0.14 sec
        Start  76: exampleTestFoo
 76/163 Test  #76: exampleTestFoo .......................................   Passed    0.13 sec
        Start  77: exampleBuffers
 77/163 Test  #77: exampleBuffers .......................................   Passed    0.16 sec
        Start  78: exampleArray
 78/163 Test  #78: exampleArray .........................................   Passed    0.12 sec
        Start  79: exampleSortedArray
 79/163 Test  #79: exampleSortedArray ...................................   Passed    0.12 sec
        Start  80: exampleArrayOfArrays
 80/163 Test  #80: exampleArrayOfArrays .................................   Passed    0.14 sec
        Start  81: exampleArrayOfSets
 81/163 Test  #81: exampleArrayOfSets ...................................   Passed    0.14 sec
        Start  82: exampleSparsityPatternAndCRSMatrix
 82/163 Test  #82: exampleSparsityPatternAndCRSMatrix ...................   Passed    0.13 sec
        Start  83: exampleTensorOps
 83/163 Test  #83: exampleTensorOps .....................................   Passed    0.12 sec
        Start  84: testDataTypes
 84/163 Test  #84: testDataTypes ........................................   Passed    0.14 sec
        Start  85: testTypeDispatch
 85/163 Test  #85: testTypeDispatch .....................................   Passed    0.15 sec
        Start  86: testGeosxTraits
 86/163 Test  #86: testGeosxTraits ......................................   Passed    0.13 sec
        Start  87: testDefaultValue
 87/163 Test  #87: testDefaultValue .....................................   Passed    0.15 sec
        Start  88: testWrapper
 88/163 Test  #88: testWrapper ..........................................   Passed    0.16 sec
        Start  89: testXmlWrapper
 89/163 Test  #89: testXmlWrapper .......................................   Passed    1.10 sec
        Start  90: testBufferOps
 90/163 Test  #90: testBufferOps ........................................   Passed    0.14 sec
        Start  91: testDamageUtilities
 91/163 Test  #91: testDamageUtilities ..................................   Passed    0.13 sec
        Start  92: testDruckerPrager
 92/163 Test  #92: testDruckerPrager ....................................   Passed    0.19 sec
        Start  93: testElasticIsotropic
 93/163 Test  #93: testElasticIsotropic .................................   Passed    0.14 sec
        Start  94: testModifiedCamClay
 94/163 Test  #94: testModifiedCamClay ..................................   Passed    0.20 sec
        Start  95: testParticleFluidEnums
 95/163 Test  #95: testParticleFluidEnums ...............................   Passed    0.17 sec
        Start  96: testPropertyConversions
 96/163 Test  #96: testPropertyConversions ..............................   Passed    0.12 sec
        Start  97: testLinearAlgebra_LinearSolverParametersEnums
 97/163 Test  #97: testLinearAlgebra_LinearSolverParametersEnums ........   Passed    0.63 sec
        Start  98: testLinearAlgebra_BlasLapack
 98/163 Test  #98: testLinearAlgebra_BlasLapack .........................   Passed    0.64 sec
        Start  99: testLinearAlgebra_ComponentMask
 99/163 Test  #99: testLinearAlgebra_ComponentMask ......................   Passed    0.29 sec
        Start 100: testLinearAlgebra_Matrices
100/163 Test #100: testLinearAlgebra_Matrices ...........................   Passed    2.92 sec
        Start 101: testLinearAlgebra_Vectors
101/163 Test #101: testLinearAlgebra_Vectors ............................   Passed    1.80 sec
        Start 102: testLinearAlgebra_ExternalSolvers
102/163 Test #102: testLinearAlgebra_ExternalSolvers ....................   Passed    3.93 sec
        Start 103: testLinearAlgebra_KrylovSolvers
103/163 Test #103: testLinearAlgebra_KrylovSolvers ......................   Passed    5.62 sec
        Start 104: testFiniteElementBase
104/163 Test #104: testFiniteElementBase ................................   Passed    0.40 sec
        Start 105: testH1_QuadrilateralFace_Lagrange1_GaussLegendre2
105/163 Test #105: testH1_QuadrilateralFace_Lagrange1_GaussLegendre2 ....   Passed    0.13 sec
        Start 106: testH1_Hexahedron_Lagrange1_GaussLegendre2
106/163 Test #106: testH1_Hexahedron_Lagrange1_GaussLegendre2 ...........   Passed    0.14 sec
        Start 107: testH1_Tetrahedron_Lagrange1_Gauss1
107/163 Test #107: testH1_Tetrahedron_Lagrange1_Gauss1 ..................   Passed    0.13 sec
        Start 108: testH1_Wedge_Lagrange1_Gauss6
108/163 Test #108: testH1_Wedge_Lagrange1_Gauss6 ........................   Passed    0.13 sec
        Start 109: testH1_Pyramid_Lagrange1_Gauss5
109/163 Test #109: testH1_Pyramid_Lagrange1_Gauss5 ......................   Passed    0.13 sec
        Start 110: testH1_TriangleFace_Lagrange1_Gauss1
110/163 Test #110: testH1_TriangleFace_Lagrange1_Gauss1 .................   Passed    0.13 sec
        Start 111: testXML
111/163 Test #111: testXML ..............................................   Passed    0.71 sec
        Start 112: testXMLFile_basic_input
112/163 Test #112: testXMLFile_basic_input ..............................   Passed    0.43 sec
        Start 113: testXMLFile_include_input
113/163 Test #113: testXMLFile_include_input ............................   Passed    0.43 sec
        Start 114: testXMLFile_multiple_input
114/163 Test #114: testXMLFile_multiple_input ...........................   Passed    0.45 sec
        Start 115: testConformingVirtualElementOrder1
115/163 Test #115: testConformingVirtualElementOrder1 ...................   Passed    0.48 sec
        Start 116: testDofManager
116/163 Test #116: testDofManager .......................................   Passed    3.10 sec
        Start 117: testLAIHelperFunctions
117/163 Test #117: testLAIHelperFunctions ...............................   Passed    3.68 sec
        Start 118: testObjectCatalog
118/163 Test #118: testObjectCatalog ....................................   Passed    0.46 sec
        Start 119: testRestartBasic
119/163 Test #119: testRestartBasic .....................................   Passed    1.67 sec
        Start 120: testRestartExtended
120/163 Test #120: testRestartExtended ..................................   Passed    0.45 sec
        Start 121: testPacking
121/163 Test #121: testPacking ..........................................   Passed    0.48 sec
        Start 122: testWrapperHelpers
122/163 Test #122: testWrapperHelpers ...................................   Passed    0.42 sec
        Start 123: testFunctions
123/163 Test #123: testFunctions ........................................   Passed    0.58 sec
        Start 124: testAquiferBoundaryCondition
124/163 Test #124: testAquiferBoundaryCondition .........................   Passed    0.39 sec
        Start 125: testFieldSpecificationsEnums
125/163 Test #125: testFieldSpecificationsEnums .........................   Passed    0.25 sec
        Start 126: testRecursiveFieldApplication
126/163 Test #126: testRecursiveFieldApplication ........................   Passed    0.42 sec
        Start 127: testDamage
127/163 Test #127: testDamage ...........................................   Passed    0.30 sec
        Start 128: testRelPerm
128/163 Test #128: testRelPerm ..........................................   Passed    0.47 sec
        Start 129: testRelPermHysteresis
129/163 Test #129: testRelPermHysteresis ................................   Passed    0.46 sec
        Start 130: testCapillaryPressure
130/163 Test #130: testCapillaryPressure ................................   Passed    0.39 sec
        Start 131: testMultiFluid
131/163 Test #131: testMultiFluid .......................................   Passed    5.83 sec
        Start 132: testCO2BrinePVTModels
132/163 Test #132: testCO2BrinePVTModels ................................   Passed    7.01 sec
        Start 133: testTriaxial_druckerPragerExtended
133/163 Test #133: testTriaxial_druckerPragerExtended ...................   Passed    0.48 sec
        Start 134: testTriaxial_elasticIsotropic
134/163 Test #134: testTriaxial_elasticIsotropic ........................   Passed    0.43 sec
        Start 135: testTriaxial_elasticIsotropicPressureDependent
135/163 Test #135: testTriaxial_elasticIsotropicPressureDependent .......   Passed    0.45 sec
        Start 136: testTriaxial_modifiedCamClay
136/163 Test #136: testTriaxial_modifiedCamClay .........................   Passed    0.44 sec
        Start 137: testTriaxial_delftEggUseLinear
137/163 Test #137: testTriaxial_delftEggUseLinear .......................   Passed    0.45 sec
        Start 138: testTriaxial_modifiedCamClayVolumetric
138/163 Test #138: testTriaxial_modifiedCamClayVolumetric ...............   Passed    0.40 sec
        Start 139: testTriaxial_delftEggLoadPathDryUseLinear
139/163 Test #139: testTriaxial_delftEggLoadPathDryUseLinear ............   Passed    0.43 sec
        Start 140: testTriaxial_delftEggLoadPathWetUseLinear
140/163 Test #140: testTriaxial_delftEggLoadPathWetUseLinear ............   Passed    0.44 sec
        Start 141: testTriaxial_delftEggCase1
141/163 Test #141: testTriaxial_delftEggCase1 ...........................   Passed    0.44 sec
        Start 142: testTriaxial_delftEggCase2
142/163 Test #142: testTriaxial_delftEggCase2 ...........................   Passed    0.42 sec
        Start 143: testPVT
143/163 Test #143: testPVT ..............................................   Passed    0.56 sec
        Start 144: testMeshEnums
144/163 Test #144: testMeshEnums ........................................   Passed    0.28 sec
        Start 145: testMeshGeneration
145/163 Test #145: testMeshGeneration ...................................   Passed    0.46 sec
        Start 146: testNeighborCommunicator
146/163 Test #146: testNeighborCommunicator .............................   Passed    0.40 sec
        Start 147: testPAMELAImport
147/163 Test #147: testPAMELAImport .....................................   Passed    1.44 sec
        Start 148: testVTKImport
148/163 Test #148: testVTKImport ........................................   Passed    0.47 sec
        Start 149: testNeighborCommunicator_mpi
149/163 Test #149: testNeighborCommunicator_mpi .........................   Passed    1.72 sec
        Start 150: testVTKImport_mpi
150/163 Test #150: testVTKImport_mpi ....................................   Passed    1.67 sec
        Start 151: testMimeticInnerProducts
151/163 Test #151: testMimeticInnerProducts .............................   Passed    0.45 sec
        Start 152: testHDFFile
152/163 Test #152: testHDFFile ..........................................   Passed    7.63 sec
        Start 153: testHDFParallelFile
153/163 Test #153: testHDFParallelFile ..................................   Passed    8.80 sec
        Start 154: testSinglePhaseBaseKernels
154/163 Test #154: testSinglePhaseBaseKernels ...........................   Passed    0.50 sec
        Start 155: testSinglePhaseFVMKernels
155/163 Test #155: testSinglePhaseFVMKernels ............................   Passed    0.44 sec
        Start 156: testSinglePhaseHybridFVMKernels
156/163 Test #156: testSinglePhaseHybridFVMKernels ......................   Passed    0.40 sec
        Start 157: testThermalCompMultiphaseFlow
157/163 Test #157: testThermalCompMultiphaseFlow ........................   Passed    2.43 sec
        Start 158: testCompMultiphaseFlow
158/163 Test #158: testCompMultiphaseFlow ...............................   Passed    0.60 sec
        Start 159: testCompMultiphaseFlowHybrid
159/163 Test #159: testCompMultiphaseFlowHybrid .........................   Passed    0.50 sec
        Start 160: testReactiveCompositionalMultiphaseOBL
160/163 Test #160: testReactiveCompositionalMultiphaseOBL ...............   Passed    0.55 sec
        Start 161: testReservoirSinglePhaseMSWells
161/163 Test #161: testReservoirSinglePhaseMSWells ......................   Passed    0.60 sec
        Start 162: testWellEnums
162/163 Test #162: testWellEnums ........................................   Passed    0.27 sec
        Start 163: testReservoirCompositionalMultiphaseMSWells
163/163 Test #163: testReservoirCompositionalMultiphaseMSWells ..........   Passed    0.91 sec

100% tests passed, 0 tests failed out of 163

Total Test time (real) = 141.16 sec
salloc: Relinquishing job allocation 9726262
salloc: Job allocation 9726262 has been revoked.
